2022-08-12 14:38:18,600|input_file|input/ICEFacilityListReport.csv.gz
2022-08-12 14:38:18,600|rows_in|1685
2022-08-12 14:38:19,300|output_file|input/ICEFacilityListReport.csv.gz
2022-08-12 14:38:19,300|rows_out|1685
2022-08-12 14:38:19,848|input_file|input/ICEFacilityListAuthorizedDMCPDetailed.csv.gz
2022-08-12 14:38:19,848|rows_in|215
2022-08-12 14:38:19,935|output_file|input/ICEFacilityListAuthorizedDMCPDetailed.csv.gz
2022-08-12 14:38:19,935|rows_out|215
2022-08-12 14:39:02,162|input_file|input/ICEFacilityListReport.csv.gz
2022-08-12 14:39:02,162|rows_in|1685
2022-08-12 14:39:02,860|output_file|input/ICEFacilityListReport.csv.gz
2022-08-12 14:39:02,860|rows_out|1685
2022-08-12 14:39:03,408|input_file|input/ICEFacilityListAuthorizedDMCPDetailed.csv.gz
2022-08-12 14:39:03,409|rows_in|215
2022-08-12 14:39:03,496|output_file|input/ICEFacilityListAuthorizedDMCPDetailed.csv.gz
2022-08-12 14:39:03,496|rows_out|215
2022-08-12 14:40:28,105|input_file|input/ICEFacilityListReport.csv.gz
2022-08-12 14:40:28,105|rows_in|1685
2022-08-12 14:41:09,662|input_file|input/ICEFacilityListReport.csv.gz
2022-08-12 14:41:09,662|rows_in|1685
2022-08-12 14:41:10,370|output_file|input/ICEFacilityListReport.csv.gz
2022-08-12 14:41:10,370|rows_out|1685
2022-08-12 14:41:10,942|input_file|input/ICEFacilityListAuthorizedDMCPDetailed.csv.gz
2022-08-12 14:41:10,942|rows_in|215
2022-08-12 14:41:11,036|output_file|input/ICEFacilityListAuthorizedDMCPDetailed.csv.gz
2022-08-12 14:41:11,036|rows_out|215
2022-08-12 14:41:49,885|input_file|input/ICEFacilityListReport.csv.gz
2022-08-12 14:41:49,886|rows_in|1685
2022-08-12 14:41:50,582|output_file|input/ICEFacilityListReport.csv.gz
2022-08-12 14:41:50,582|rows_out|1685
2022-08-12 14:41:51,131|input_file|input/ICEFacilityListAuthorizedDMCPDetailed.csv.gz
2022-08-12 14:41:51,131|rows_in|215
2022-08-12 14:41:51,476|output_file|input/ICEFacilityListAuthorizedDMCPDetailed.csv.gz
2022-08-12 14:41:51,476|rows_out|215
